<?xml version="1.0" encoding="UTF-8"?>
<!-- Generated by org.testng.reporters.JUnitReportReporter -->
<testsuite hostname="LAPTOP-HEGI0R39" failures="0" tests="10" name="api.test.DDTests" time="19.662" errors="0" timestamp="2023-04-11T23:53:15 IST" skipped="0">
  <testcase classname="api.test.DDTests" name="testPostUser" time="1.174"/>
  <system-out/>
  <testcase classname="api.test.DDTests" name="testPostUser" time="1.328"/>
  <system-out/>
  <testcase classname="api.test.DDTests" name="testPostUser" time="4.835"/>
  <system-out/>
  <testcase classname="api.test.DDTests" name="testPostUser" time="5.359"/>
  <system-out/>
  <testcase classname="api.test.DDTests" name="testPostUser" time="1.160"/>
  <system-out/>
  <testcase classname="api.test.DDTests" name="testDeleteUserByName" time="1.171"/>
  <system-out/>
  <testcase classname="api.test.DDTests" name="testDeleteUserByName" time="1.175"/>
  <system-out/>
  <testcase classname="api.test.DDTests" name="testDeleteUserByName" time="1.180"/>
  <system-out/>
  <testcase classname="api.test.DDTests" name="testDeleteUserByName" time="1.172"/>
  <system-out/>
  <testcase classname="api.test.DDTests" name="testDeleteUserByName" time="1.108"/>
  <system-out/>
</testsuite> <!-- api.test.DDTests -->
