<?xml version="1.0" encoding="UTF-8"?>
<!-- Generated by org.testng.reporters.JUnitReportReporter -->
<testsuite hostname="LAPTOP-HEGI0R39" failures="0" tests="4" name="api.test.UserTests" time="9.222" errors="0" timestamp="2023-04-12T17:20:25 IST" skipped="0">
  <testcase classname="api.test.UserTests" name="testPostUser" time="4.501"/>
  <system-out/>
  <testcase classname="api.test.UserTests" name="testGetUserByName" time="1.226"/>
  <system-out/>
  <testcase classname="api.test.UserTests" name="testUpdateUserByName" time="2.351"/>
  <system-out/>
  <testcase classname="api.test.UserTests" name="testDeleteUser" time="1.144"/>
  <system-out/>
</testsuite> <!-- api.test.UserTests -->
