<?xml version="1.0" encoding="UTF-8"?>
<!-- Generated by org.testng.reporters.JUnitReportReporter -->
<testsuite hostname="LAPTOP-HEGI0R39" failures="0" tests="4" name="api.test.UserTests" time="9.789" errors="0" timestamp="2023-04-12T22:22:34 IST" skipped="0">
  <testcase classname="api.test.UserTests" name="testPostUser" time="4.628"/>
  <system-out/>
  <testcase classname="api.test.UserTests" name="testGetUserByName" time="1.630"/>
  <system-out/>
  <testcase classname="api.test.UserTests" name="testUpdateUserByName" time="2.394"/>
  <system-out/>
  <testcase classname="api.test.UserTests" name="testDeleteUser" time="1.137"/>
  <system-out/>
</testsuite> <!-- api.test.UserTests -->
